<?xml version="1.0" encoding="UTF-8"?>
<testng-results ignored="0" total="1" passed="1" failed="0" skipped="0">
  <reporter-output>
  </reporter-output>
  <suite started-at="2022-10-13T08:28:39 IST" name="Suit" finished-at="2022-10-13T08:29:11 IST" duration-ms="32075">
    <groups>
    </groups>
    <test started-at="2022-10-13T08:28:39 IST" name="orangebrowser" finished-at="2022-10-13T08:29:11 IST" duration-ms="32075">
      <class name="workingWithJenkins.OrangeHrmLoginPage">
        <test-method signature="Testlogin()[pri:0, instance:workingWithJenkins.OrangeHrmLoginPage@69e1dd28]" started-at="2022-10-13T08:28:39 IST" name="Testlogin" finished-at="2022-10-13T08:29:11 IST" duration-ms="32043" status="PASS">
          <reporter-output>
          </reporter-output>
        </test-method> <!-- Testlogin -->
      </class> <!-- workingWithJenkins.OrangeHrmLoginPage -->
    </test> <!-- orangebrowser -->
  </suite> <!-- Suit -->
</testng-results>
